Started on Jun 8, 2018 3:11:37 AM
Started by event from 192.30.252.39 ⇒ http://35.237.60.159:8080/github-webhook/ on Fri Jun 08 03:11:37 UTC 2018
Using strategy: Default
[poll] Last Built Revision: Revision 744cc14d8d120e8d3ed030d4ab361c35e62cad4c (refs/remotes/origin/master)
 > git --version # timeout=10
 > git ls-remote -h https://github.com/Maruthi-Manoj/Docker.git # timeout=10
Found 1 remote heads on https://github.com/Maruthi-Manoj/Docker.git
[poll] Latest remote head revision on refs/heads/master is: 95dc97d0ec87b87fa1b5a56da181fc5f5a50b50b
Using strategy: Default
[poll] Last Built Revision: Revision 744cc14d8d120e8d3ed030d4ab361c35e62cad4c (refs/remotes/origin/master)
 > git --version # timeout=10
 > git ls-remote -h https://github.com/Maruthi-Manoj/Docker.git # timeout=10
Found 1 remote heads on https://github.com/Maruthi-Manoj/Docker.git
[poll] Latest remote head revision on refs/heads/master is: 95dc97d0ec87b87fa1b5a56da181fc5f5a50b50b
Using strategy: Default
[poll] Last Built Revision: Revision 744cc14d8d120e8d3ed030d4ab361c35e62cad4c (refs/remotes/origin/master)
 > git --version # timeout=10
 > git ls-remote -h https://github.com/Maruthi-Manoj/Docker.git # timeout=10
Found 1 remote heads on https://github.com/Maruthi-Manoj/Docker.git
[poll] Latest remote head revision on refs/heads/master is: 95dc97d0ec87b87fa1b5a56da181fc5f5a50b50b
Using strategy: Default
[poll] Last Built Revision: Revision 744cc14d8d120e8d3ed030d4ab361c35e62cad4c (refs/remotes/origin/master)
 > git --version # timeout=10
 > git ls-remote -h https://github.com/Maruthi-Manoj/Docker.git # timeout=10
Found 1 remote heads on https://github.com/Maruthi-Manoj/Docker.git
[poll] Latest remote head revision on refs/heads/master is: 95dc97d0ec87b87fa1b5a56da181fc5f5a50b50b
Done. Took 0.92 sec
Changes found
