Started on Jun 8, 2018 4:05:42 AM
Started by event from 192.30.252.34 ⇒ http://35.237.60.159:8080/github-webhook/ on Fri Jun 08 04:05:42 UTC 2018
Using strategy: Default
[poll] Last Built Revision: Revision 8e5887f61fa6ba1c10195f4b04d1159bb6d10ad2 (refs/remotes/origin/master)
 > git --version # timeout=10
 > git ls-remote -h https://github.com/Maruthi-Manoj/Docker.git # timeout=10
Found 1 remote heads on https://github.com/Maruthi-Manoj/Docker.git
[poll] Latest remote head revision on refs/heads/master is: 37b910c4e01000d25fd79452933cd13630eb4cd8
Using strategy: Default
[poll] Last Built Revision: Revision 8e5887f61fa6ba1c10195f4b04d1159bb6d10ad2 (refs/remotes/origin/master)
 > git --version # timeout=10
 > git ls-remote -h https://github.com/Maruthi-Manoj/Docker.git # timeout=10
Found 1 remote heads on https://github.com/Maruthi-Manoj/Docker.git
[poll] Latest remote head revision on refs/heads/master is: 37b910c4e01000d25fd79452933cd13630eb4cd8
Using strategy: Default
[poll] Last Built Revision: Revision 8e5887f61fa6ba1c10195f4b04d1159bb6d10ad2 (refs/remotes/origin/master)
 > git --version # timeout=10
 > git ls-remote -h https://github.com/Maruthi-Manoj/Docker.git # timeout=10
Found 1 remote heads on https://github.com/Maruthi-Manoj/Docker.git
[poll] Latest remote head revision on refs/heads/master is: 37b910c4e01000d25fd79452933cd13630eb4cd8
Using strategy: Default
[poll] Last Built Revision: Revision 8e5887f61fa6ba1c10195f4b04d1159bb6d10ad2 (refs/remotes/origin/master)
 > git --version # timeout=10
 > git ls-remote -h https://github.com/Maruthi-Manoj/Docker.git # timeout=10
Found 1 remote heads on https://github.com/Maruthi-Manoj/Docker.git
[poll] Latest remote head revision on refs/heads/master is: 37b910c4e01000d25fd79452933cd13630eb4cd8
Done. Took 0.86 sec
Changes found
